<?xml version="1.0" encoding="UTF-8"?>
<!-- Generated by org.testng.reporters.JUnitReportReporter -->
<testsuite hostname="DESKTOP-02M5RK4" failures="0" tests="4" name="test.HomePageTest" time="33.369" errors="0" timestamp="2024-11-04T19:40:15 IST" skipped="0">
  <testcase classname="test.HomePageTest" name="checkWidgetLanguage" time="7.937"/>
  <testcase classname="test.HomePageTest" name="selectFrequecy" time="6.963"/>
  <testcase classname="test.HomePageTest" name="verifyPrice" time="6.863"/>
  <testcase classname="test.HomePageTest" name="verifyBuyNowButton" time="11.606"/>
</testsuite> <!-- test.HomePageTest -->
