<?xml version="1.0" encoding="UTF-8"?>
<!-- Generated by org.testng.reporters.JUnitReportReporter -->
<testsuite hostname="DESKTOP-02M5RK4" failures="0" tests="1" name="test.CustomerDashboardTest" time="17.091" errors="0" timestamp="2024-11-18T15:02:57 IST" skipped="0">
  <testcase classname="test.CustomerDashboardTest" name="verifySwapProduct" time="17.091"/>
</testsuite> <!-- test.CustomerDashboardTest -->
