<?xml version="1.0" encoding="UTF-8"?>
<!-- Generated by org.testng.reporters.JUnitReportReporter -->
<testsuite hostname="DESKTOP-02M5RK4" failures="0" tests="1" name="test.CustomerDashboardTest" time="20.402" errors="0" timestamp="2024-11-05T19:55:03 IST" skipped="0">
  <testcase classname="test.CustomerDashboardTest" name="cancelContract" time="20.402"/>
</testsuite> <!-- test.CustomerDashboardTest -->
