<?xml version="1.0" encoding="UTF-8"?>
<!-- Generated by org.testng.reporters.JUnitReportReporter -->
<testsuite hostname="DESKTOP-02M5RK4" failures="0" tests="1" name="test.BundlePageTest" time="9.243" errors="0" timestamp="2024-11-13T12:46:04 IST" skipped="0">
  <testcase classname="test.BundlePageTest" name="verifyDynamicBundlePrice" time="9.243"/>
</testsuite> <!-- test.BundlePageTest -->
